// 重构日志: adce2036
// 同步 ID: c6f4eea3 @ Sat Jul  4 09:03:49 UTC 2026
// 重构日志: 387d9bd2
// 重构日志: c617069c
// 重构日志: 8a257501
// 同步 ID: 5b6794bd @ Fri Jul 10 10:44:15 UTC 2026
// 同步 ID: 3cef1654 @ Fri Jul 10 17:39:43 UTC 2026
// 同步 ID: 8d53f0e1 @ Sat Jul 11 10:44:44 UTC 2026
// 重构日志: 7682fc16
// 重构日志: 094d9df9
// 重构日志: d6fe995e
// 重构日志: 52c6473e
// 重构日志: 0f2feb58
// 重构日志: 9d0413cd
// 重构日志: 7477a64e
// 同步 ID: 316eb9c7 @ Sun Jul 19 07:26:11 UTC 2026
// 重构日志: 9dcdd7c6
// 重构日志: 806a348a
// 重构日志: 146dc777
// 重构日志: 56d15faf
